<?xml version="1.0" encoding="UTF-8"?>
<!-- Generated by org.testng.reporters.JUnitReportReporter -->
<testsuite hostname="Nouman-PC" name="com.tjwl.tests.FlightBookingTests" tests="5" failures="0" timestamp="11 May 2017 21:09:04 GMT" time="38.712" errors="0">
  <testcase name="SearchFlightsTest" time="4.902" classname="com.tjwl.tests.FlightBookingTests"/>
  <testcase name="testTicketPricesAppear" time="5.015" classname="com.tjwl.tests.FlightBookingTests"/>
  <testcase name="testFilterResultsByAirline" time="3.815" classname="com.tjwl.tests.FlightBookingTests"/>
  <testcase name="testUserCanSelectFlight" time="0.520" classname="com.tjwl.tests.FlightBookingTests"/>
  <testcase name="testSearchResultsAppear" time="24.460" classname="com.tjwl.tests.FlightBookingTests"/>
</testsuite> <!-- com.tjwl.tests.FlightBookingTests -->
