<?xml version="1.0" encoding="UTF-8"?>
<!-- Generated by org.testng.reporters.JUnitReportReporter -->
<testsuite hostname="Nouman-PC" name="com.tjwl.tests.SearchFlightsPageTest" tests="1" failures="0" timestamp="11 May 2017 13:58:42 GMT" time="43.618" errors="0">
  <testcase name="SearchFlightsTest" time="43.618" classname="com.tjwl.tests.SearchFlightsPageTest"/>
</testsuite> <!-- com.tjwl.tests.SearchFlightsPageTest -->
