<?xml version="1.0" encoding="UTF-8"?>
<!-- Generated by org.testng.reporters.JUnitReportReporter -->
<testsuite hostname="Nouman-PC" name="com.tjwl.tests.SearchFlightsPageTest" tests="1" failures="0" timestamp="11 May 2017 17:56:29 GMT" time="25.957" errors="0">
  <testcase name="SearchFlightsTest" time="25.957" classname="com.tjwl.tests.SearchFlightsPageTest"/>
</testsuite> <!-- com.tjwl.tests.SearchFlightsPageTest -->
